User initiated device connection.
15:30:17.9530: connected in underlying BLE layer.
15:30:18.0110: discovered services: (
    "Device Information",
    FFF0,
    "F000FFD0-0451-4000-B000-000000000000",
    FFD0
)
15:30:18.1000: discovered characteristics for service 180A: (
    "System ID",
    "Model Number String",
    "Serial Number String",
    "Firmware Revision String",
    "Hardware Revision String",
    "Software Revision String",
    "Manufacturer Name String",
    "IEEE Regulatory Certification",
    "PnP ID"
)
15:30:18.1600: discovered characteristics for service FFD0: (
    FFD1,
    FFD2,
    FFD3,
    FFD4,
    FFD5
)
15:30:18.2490: discovered characteristics for service FFF0: (
    FFF1
)
15:30:18.3410: discovered characteristics for service F000FFD0-0451-4000-B000-000000000000: (
    "F000FFD1-0451-4000-B000-000000000000"
)
15:30:18.3410: state changed to 'Connected'.
15:30:19.0890: failed to retrieve data from characteristic FFF1___FFF0: Error Domain=CBATTErrorDomain Code=10 "The attribute could not be found." UserInfo={NSLocalizedDescription=The attribute could not be found.}
15:30:19.1790: failed to retrieve data from characteristic FFF1___FFF0: Error Domain=CBATTErrorDomain Code=10 "The attribute could not be found." UserInfo={NSLocalizedDescription=The attribute could not be found.}
15:30:19.2390: received update from characteristic FFD1___FFD0: <>
15:30:19.3000: received update from characteristic FFD2___FFD0: <>
15:30:19.3890: received update from characteristic FFD4___FFD0: <>
15:30:19.4480: received update from characteristic FFD5___FFD0: <>
15:30:19.5090: received update from characteristic FFD1___FFD0: <>
15:30:19.6000: received update from characteristic FFD2___FFD0: <>
15:30:19.6590: received update from characteristic FFD4___FFD0: <>
15:30:19.7210: received update from characteristic FFD5___FFD0: <>
15:30:19.8100: received update from characteristic 2A23___180A: <00000000 00000000>
15:30:19.8700: received update from characteristic 2A24___180A: <54432c52 3223342c 312c3234 382c53>
15:30:19.9890: received update from characteristic 2A25___180A: <32303139 2d31312d 35>
15:30:20.0490: received update from characteristic 2A26___180A: <56312e31>
15:30:20.1090: received update from characteristic 2A27___180A: <46383535 34383142 41303743>
15:30:20.2000: received update from characteristic 2A28___180A: <56312e31>
15:30:20.2590: received update from characteristic 2A29___180A: <7777772e 74756e65 72313638 2e636f6d>
15:30:20.3190: received update from characteristic 2A2A___180A: <fe006578 70657269 6d656e74 616c>
15:30:20.4100: received update from characteristic 2A50___180A: <010d0000 001001>
15:30:20.4690: received update from characteristic 2A23___180A: <00000000 00000000>
15:30:20.5300: received update from characteristic 2A24___180A: <54432c52 3223342c 312c3234 382c53>
15:30:20.6190: received update from characteristic 2A25___180A: <32303139 2d31312d 35>
15:30:20.6790: received update from characteristic 2A26___180A: <56312e31>
15:30:20.7380: received update from characteristic 2A27___180A: <46383535 34383142 41303743>
15:30:20.8600: received update from characteristic 2A28___180A: <56312e31>
15:30:20.9190: received update from characteristic 2A29___180A: <7777772e 74756e65 72313638 2e636f6d>
15:30:20.9780: received update from characteristic 2A2A___180A: <fe006578 70657269 6d656e74 616c>
15:30:21.0690: received update from characteristic 2A50___180A: <010d0000 001001>
15:30:21.1590: received update from characteristic 2A23___180A: <00000000 00000000>
15:30:21.2490: received update from characteristic 2A24___180A: <54432c52 3223342c 312c3234 382c53>
15:30:21.3090: received update from characteristic 2A25___180A: <32303139 2d31312d 35>
15:30:21.3690: received update from characteristic 2A26___180A: <56312e31>
15:30:21.4590: received update from characteristic 2A27___180A: <46383535 34383142 41303743>
15:30:21.5200: received update from characteristic 2A28___180A: <56312e31>
15:30:21.5790: received update from characteristic 2A29___180A: <7777772e 74756e65 72313638 2e636f6d>
15:30:21.7000: received update from characteristic 2A2A___180A: <fe006578 70657269 6d656e74 616c>
15:30:21.7590: received update from characteristic 2A50___180A: <010d0000 001001>
15:30:21.8190: received update from characteristic 2A23___180A: <00000000 00000000>
15:30:21.9100: received update from characteristic 2A24___180A: <54432c52 3223342c 312c3234 382c53>
15:30:21.9700: received update from characteristic 2A25___180A: <32303139 2d31312d 35>
15:30:22.0300: received update from characteristic 2A26___180A: <56312e31>
15:30:22.1190: received update from characteristic 2A27___180A: <46383535 34383142 41303743>
15:30:22.1780: received update from characteristic 2A28___180A: <56312e31>
15:30:22.3000: received update from characteristic 2A29___180A: <7777772e 74756e65 72313638 2e636f6d>
15:30:22.3890: received update from characteristic 2A2A___180A: <fe006578 70657269 6d656e74 616c>
15:30:22.4490: received update from characteristic 2A50___180A: <010d0000 001001>
15:30:22.5400: received update from characteristic FFD1___FFD0: <>
15:30:22.6000: received update from characteristic FFD2___FFD0: <>
15:30:22.7190: received update from characteristic FFD4___FFD0: <>
15:30:22.7790: received update from characteristic FFD5___FFD0: <>
15:30:22.8390: received update from characteristic FFD1___FFD0: <>
15:30:22.9300: received update from characteristic FFD2___FFD0: <>
15:30:22.9890: received update from characteristic FFD4___FFD0: <>
15:30:23.0480: received update from characteristic FFD5___FFD0: <>
15:30:23.1400: failed to retrieve data from characteristic FFF1___FFF0: Error Domain=CBATTErrorDomain Code=10 "The attribute could not be found." UserInfo={NSLocalizedDescription=The attribute could not be found.}
15:30:23.1980: failed to retrieve data from characteristic FFF1___FFF0: Error Domain=CBATTErrorDomain Code=10 "The attribute could not be found." UserInfo={NSLocalizedDescription=The attribute could not be found.}